[2023-06-13 13:14:20] No settings files found: C:/Users/ospx/IdeaProjects/AnarchyJSPlugin/server/config/settings.bin and C:/Users/ospx/IdeaProjects/AnarchyJSPlugin/server/config/settings_backup.bin
[2023-06-13 13:14:22] Saving 2 values; 44 bytes
[2023-06-13 13:15:17] Loaded 2 values
[2023-06-13 13:15:17] Backed up config/settings.bin to config/settings_backup.bin (44 bytes)
[2023-06-13 13:15:20] Saving 2 values; 44 bytes
[2023-06-13 13:15:26] Saving 2 values; 44 bytes
[2023-06-13 13:15:26] Saving 3 values; 71 bytes
[2023-06-13 13:15:27] Saving 3 values; 71 bytes
[2023-06-13 13:16:20] Saving 8 values; 401 bytes
[2023-06-13 13:17:20] Saving 8 values; 401 bytes
[2023-06-13 13:18:20] Saving 8 values; 401 bytes
[2023-06-13 13:19:20] Saving 8 values; 401 bytes
[2023-06-13 13:19:29] Saving 8 values; 401 bytes
[2023-06-13 13:19:59] Loaded 8 values
[2023-06-13 13:19:59] Backed up config/settings.bin to config/settings_backup.bin (401 bytes)
[2023-06-13 13:20:04] Saving 8 values; 401 bytes
[2023-06-13 13:20:07] Saving 8 values; 401 bytes
[2023-06-13 13:20:07] Saving 8 values; 401 bytes
[2023-06-13 13:20:08] Saving 8 values; 401 bytes
[2023-06-13 13:21:04] Saving 8 values; 401 bytes
[2023-06-13 13:22:04] Saving 8 values; 401 bytes
[2023-06-13 13:23:04] Saving 8 values; 401 bytes
[2023-06-13 13:24:04] Saving 8 values; 401 bytes
[2023-06-13 13:25:04] Saving 8 values; 401 bytes
[2023-06-13 13:26:02] Saving 8 values; 401 bytes
[2023-06-13 13:26:02] Saving 8 values; 401 bytes
[2023-06-13 13:26:03] Saving 8 values; 401 bytes
[2023-06-13 13:26:04] Saving 8 values; 401 bytes
[2023-06-13 13:27:04] Saving 8 values; 401 bytes
[2023-06-13 13:28:04] Saving 8 values; 401 bytes
[2023-06-13 13:29:04] Saving 8 values; 401 bytes
[2023-06-13 13:30:04] Saving 8 values; 401 bytes
[2023-06-13 13:31:04] Saving 8 values; 401 bytes
[2023-06-13 13:32:04] Saving 8 values; 401 bytes
[2023-06-13 13:32:47] Saving 8 values; 401 bytes
[2023-06-13 13:32:47] Saving 8 values; 401 bytes
[2023-06-13 13:32:47] Saving 8 values; 401 bytes
[2023-06-13 13:33:04] Saving 8 values; 401 bytes
[2023-06-13 13:34:04] Saving 8 values; 401 bytes
[2023-06-13 13:35:04] Saving 8 values; 401 bytes
[2023-06-13 13:36:04] Saving 8 values; 401 bytes
[2023-06-13 13:37:04] Saving 8 values; 401 bytes
[2023-06-13 13:38:04] Saving 8 values; 401 bytes
[2023-06-13 13:39:04] Saving 8 values; 401 bytes
[2023-06-13 13:39:06] Saving 8 values; 401 bytes
[2023-06-13 13:39:06] Saving 8 values; 401 bytes
[2023-06-13 13:39:07] Saving 8 values; 401 bytes
[2023-06-13 13:40:04] Saving 8 values; 401 bytes
[2023-06-13 13:41:04] Saving 8 values; 401 bytes
[2023-06-13 13:42:04] Saving 8 values; 401 bytes
[2023-06-13 13:43:04] Saving 8 values; 401 bytes
[2023-06-13 13:44:04] Saving 8 values; 401 bytes
[2023-06-13 13:45:02] Saving 8 values; 401 bytes
[2023-06-13 13:45:02] Saving 8 values; 401 bytes
[2023-06-13 13:45:02] Saving 8 values; 401 bytes
[2023-06-13 13:45:04] Saving 8 values; 401 bytes
[2023-06-13 13:46:04] Saving 8 values; 401 bytes
[2023-06-13 18:27:20] Loaded 8 values
[2023-06-13 18:27:20] Backed up config/settings.bin to config/settings_backup.bin (401 bytes)
[2023-06-13 18:27:23] Saving 8 values; 401 bytes
[2023-06-13 18:28:23] Saving 8 values; 401 bytes
[2023-06-13 18:29:23] Saving 8 values; 401 bytes
[2023-06-13 18:30:23] Saving 8 values; 401 bytes
[2023-06-13 18:31:23] Saving 8 values; 401 bytes
[2023-06-13 18:32:23] Saving 8 values; 401 bytes
[2023-06-13 18:33:23] Saving 8 values; 401 bytes
[2023-06-13 18:34:23] Saving 8 values; 401 bytes
[2023-06-13 18:35:23] Saving 8 values; 401 bytes
[2023-06-13 18:36:23] Saving 8 values; 401 bytes
[2023-06-13 18:37:23] Saving 8 values; 401 bytes
[2023-06-13 18:38:14] Loaded 8 values
[2023-06-13 18:38:14] Backed up config/settings.bin to config/settings_backup.bin (401 bytes)
[2023-06-13 18:38:16] Saving 8 values; 401 bytes
[2023-06-13 18:38:19] Saving 8 values; 401 bytes
[2023-06-13 18:38:19] Saving 8 values; 401 bytes
[2023-06-13 18:38:21] Saving 8 values; 401 bytes
[2023-06-13 18:39:16] Saving 8 values; 401 bytes
[2023-06-13 18:40:16] Saving 8 values; 401 bytes
[2023-06-13 18:41:16] Saving 8 values; 401 bytes
[2023-06-13 18:42:16] Saving 8 values; 401 bytes
[2023-06-13 18:43:16] Saving 8 values; 401 bytes
[2023-06-13 18:44:16] Saving 8 values; 401 bytes
[2023-06-13 18:45:14] Saving 8 values; 401 bytes
[2023-06-13 18:45:14] Saving 8 values; 401 bytes
[2023-06-13 18:45:15] Saving 8 values; 401 bytes
[2023-06-13 18:45:16] Saving 8 values; 401 bytes
[2023-06-13 18:46:16] Saving 8 values; 401 bytes
[2023-06-13 18:47:16] Saving 8 values; 401 bytes
[2023-06-13 18:48:16] Saving 8 values; 401 bytes
[2023-06-13 18:49:16] Saving 8 values; 401 bytes
[2023-06-13 18:50:16] Saving 8 values; 401 bytes
[2023-06-13 18:51:10] Saving 8 values; 401 bytes
[2023-06-13 18:51:10] Saving 8 values; 401 bytes
[2023-06-13 18:51:11] Saving 8 values; 401 bytes
[2023-06-13 18:51:16] Saving 8 values; 401 bytes
[2023-06-13 18:52:16] Saving 8 values; 401 bytes
[2023-06-13 18:53:16] Saving 8 values; 401 bytes
[2023-06-13 18:53:44] Loaded 8 values
[2023-06-13 18:53:44] Backed up config/settings.bin to config/settings_backup.bin (401 bytes)
[2023-06-13 18:53:47] Saving 8 values; 401 bytes
[2023-06-13 18:54:01] Saving 8 values; 401 bytes
[2023-06-13 18:54:01] Saving 8 values; 401 bytes
[2023-06-13 18:54:02] Saving 8 values; 401 bytes
[2023-06-13 18:54:47] Saving 8 values; 401 bytes
[2023-06-13 18:55:47] Saving 8 values; 401 bytes
[2023-06-13 18:56:47] Saving 8 values; 401 bytes
[2023-06-13 18:57:31] Loaded 8 values
[2023-06-13 18:57:31] Backed up config/settings.bin to config/settings_backup.bin (401 bytes)
[2023-06-13 18:57:33] Saving 8 values; 401 bytes
[2023-06-13 18:57:35] Saving 8 values; 401 bytes
[2023-06-13 18:57:35] Saving 8 values; 401 bytes
[2023-06-13 18:57:36] Saving 8 values; 401 bytes
[2023-06-13 18:58:33] Saving 8 values; 401 bytes
[2023-06-13 19:00:05] Loaded 8 values
[2023-06-13 19:00:05] Backed up config/settings.bin to config/settings_backup.bin (401 bytes)
[2023-06-13 19:00:08] Saving 8 values; 401 bytes
[2023-06-13 19:00:08] Saving 8 values; 401 bytes
[2023-06-13 19:00:08] Saving 8 values; 401 bytes
[2023-06-13 19:00:09] Saving 8 values; 401 bytes
[2023-06-13 19:01:08] Saving 8 values; 401 bytes
[2023-06-13 19:02:08] Saving 8 values; 401 bytes
[2023-06-13 19:02:46] Loaded 8 values
[2023-06-13 19:02:46] Backed up config/settings.bin to config/settings_backup.bin (401 bytes)
[2023-06-13 19:02:48] Saving 8 values; 401 bytes
[2023-06-13 19:02:51] Saving 8 values; 401 bytes
[2023-06-13 19:02:51] Saving 8 values; 401 bytes
[2023-06-13 19:02:52] Saving 8 values; 401 bytes
[2023-06-13 19:03:48] Saving 8 values; 401 bytes
[2023-06-13 19:04:48] Saving 8 values; 401 bytes
[2023-06-13 19:05:48] Saving 8 values; 401 bytes
[2023-06-13 19:06:48] Saving 8 values; 401 bytes
[2023-06-13 19:07:48] Saving 8 values; 401 bytes
[2023-06-13 19:08:48] Saving 8 values; 401 bytes
[2023-06-13 19:09:35] Saving 8 values; 401 bytes
[2023-06-13 19:09:35] Saving 8 values; 401 bytes
[2023-06-13 19:09:36] Saving 8 values; 401 bytes
[2023-06-13 19:09:48] Saving 8 values; 401 bytes
[2023-06-13 19:10:48] Saving 8 values; 401 bytes
[2023-06-13 19:11:48] Saving 8 values; 401 bytes
[2023-06-13 19:12:48] Saving 8 values; 401 bytes
[2023-06-13 19:13:48] Saving 8 values; 401 bytes
[2023-06-13 19:14:48] Saving 8 values; 401 bytes
[2023-06-13 19:15:04] Saving 8 values; 401 bytes
[2023-06-13 19:15:04] Saving 8 values; 401 bytes
[2023-06-13 19:15:05] Saving 8 values; 401 bytes
[2023-06-13 19:15:48] Saving 8 values; 401 bytes
[2023-06-13 19:16:48] Saving 8 values; 401 bytes
[2023-06-13 19:17:48] Saving 8 values; 401 bytes
[2023-06-13 19:18:48] Saving 8 values; 401 bytes
[2023-06-13 19:19:48] Saving 8 values; 401 bytes
[2023-06-13 19:20:48] Saving 8 values; 401 bytes
[2023-06-13 19:21:48] Saving 8 values; 401 bytes
[2023-06-13 19:21:48] Saving 8 values; 401 bytes
[2023-06-13 19:21:48] Saving 8 values; 401 bytes
[2023-06-13 19:21:49] Saving 8 values; 401 bytes
[2023-06-13 19:22:33] Loaded 8 values
[2023-06-13 19:22:33] Backed up config/settings.bin to config/settings_backup.bin (401 bytes)
[2023-06-13 19:22:36] Saving 8 values; 401 bytes
[2023-06-13 19:22:38] Saving 8 values; 401 bytes
[2023-06-13 19:22:38] Saving 8 values; 401 bytes
[2023-06-13 19:22:40] Saving 8 values; 401 bytes
[2023-06-13 19:23:36] Saving 8 values; 401 bytes
[2023-06-13 19:24:18] Loaded 8 values
[2023-06-13 19:24:18] Backed up config/settings.bin to config/settings_backup.bin (401 bytes)
[2023-06-13 19:24:21] Saving 8 values; 401 bytes
[2023-06-13 19:24:23] Saving 8 values; 401 bytes
[2023-06-13 19:24:23] Saving 8 values; 401 bytes
[2023-06-13 19:24:24] Saving 8 values; 401 bytes
[2023-06-13 19:25:21] Saving 8 values; 401 bytes
[2023-06-13 19:26:23] Loaded 8 values
[2023-06-13 19:26:23] Backed up config/settings.bin to config/settings_backup.bin (401 bytes)
[2023-06-13 19:26:25] Saving 8 values; 401 bytes
[2023-06-13 19:26:29] Saving 8 values; 401 bytes
[2023-06-13 19:26:29] Saving 8 values; 401 bytes
[2023-06-13 19:26:30] Saving 8 values; 401 bytes
[2023-06-13 19:27:25] Saving 8 values; 401 bytes
[2023-06-13 19:28:04] Loaded 8 values
[2023-06-13 19:28:04] Backed up config/settings.bin to config/settings_backup.bin (401 bytes)
[2023-06-13 19:28:07] Saving 8 values; 401 bytes
[2023-06-13 19:28:07] Saving 8 values; 401 bytes
[2023-06-13 19:28:07] Saving 8 values; 401 bytes
[2023-06-13 19:28:08] Saving 8 values; 401 bytes
[2023-06-13 19:29:06] Saving 8 values; 401 bytes
[2023-06-13 19:30:06] Saving 8 values; 401 bytes
[2023-06-13 19:31:06] Saving 8 values; 401 bytes
[2023-06-13 19:31:34] Loaded 8 values
[2023-06-13 19:31:34] Backed up config/settings.bin to config/settings_backup.bin (401 bytes)
[2023-06-13 19:31:37] Saving 8 values; 401 bytes
[2023-06-13 19:31:40] Saving 8 values; 401 bytes
[2023-06-13 19:31:40] Saving 8 values; 401 bytes
[2023-06-13 19:31:41] Saving 8 values; 401 bytes
[2023-06-13 19:32:37] Saving 8 values; 401 bytes
[2023-06-13 19:33:43] Loaded 8 values
[2023-06-13 19:33:43] Backed up config/settings.bin to config/settings_backup.bin (401 bytes)
[2023-06-13 19:33:46] Saving 8 values; 401 bytes
[2023-06-13 19:33:48] Saving 8 values; 401 bytes
[2023-06-13 19:33:48] Saving 8 values; 401 bytes
[2023-06-13 19:33:50] Saving 8 values; 401 bytes
[2023-06-13 19:34:46] Saving 8 values; 401 bytes
[2023-06-13 19:35:44] Loaded 8 values
[2023-06-13 19:35:44] Backed up config/settings.bin to config/settings_backup.bin (401 bytes)
[2023-06-13 19:35:47] Saving 8 values; 401 bytes
[2023-06-13 19:35:51] Saving 8 values; 401 bytes
[2023-06-13 19:35:51] Saving 8 values; 401 bytes
[2023-06-13 19:35:52] Saving 8 values; 401 bytes
[2023-06-13 19:36:47] Saving 8 values; 401 bytes
[2023-06-13 19:37:47] Saving 8 values; 401 bytes
[2023-06-13 19:38:49] Loaded 8 values
[2023-06-13 19:38:49] Backed up config/settings.bin to config/settings_backup.bin (401 bytes)
[2023-06-13 19:38:52] Saving 8 values; 401 bytes
[2023-06-13 19:38:52] Saving 8 values; 401 bytes
[2023-06-13 19:38:54] Saving 8 values; 401 bytes
[2023-06-13 19:39:52] Saving 8 values; 401 bytes
[2023-06-13 19:40:52] Saving 8 values; 401 bytes
[2023-06-13 19:41:52] Saving 8 values; 401 bytes
[2023-06-13 19:42:52] Saving 8 values; 401 bytes
[2023-06-13 19:43:52] Saving 8 values; 401 bytes
[2023-06-13 19:44:52] Saving 8 values; 401 bytes
[2023-06-13 19:45:45] Saving 8 values; 401 bytes
[2023-06-13 19:45:45] Saving 8 values; 401 bytes
[2023-06-13 19:45:47] Saving 8 values; 401 bytes
[2023-06-13 19:45:52] Saving 8 values; 401 bytes
[2023-06-13 19:46:52] Saving 8 values; 401 bytes
[2023-06-13 19:47:52] Saving 8 values; 401 bytes
[2023-06-13 19:48:52] Saving 8 values; 401 bytes
[2023-06-13 19:49:52] Saving 8 values; 401 bytes
[2023-06-13 19:50:52] Saving 8 values; 401 bytes
[2023-06-13 19:51:52] Saving 8 values; 401 bytes
[2023-06-13 19:52:52] Saving 8 values; 401 bytes
[2023-06-14 09:59:55] Loaded 8 values
[2023-06-14 09:59:55] Backed up config/settings.bin to config/settings_backup.bin (401 bytes)
[2023-06-14 09:59:58] Saving 8 values; 401 bytes
[2023-06-14 10:00:58] Saving 8 values; 401 bytes
[2023-06-14 10:01:17] Loaded 8 values
[2023-06-14 10:01:17] Backed up config/settings.bin to config/settings_backup.bin (401 bytes)
[2023-06-14 10:01:19] Saving 8 values; 401 bytes
[2023-06-14 10:02:19] Saving 8 values; 401 bytes
[2023-06-14 10:03:19] Saving 8 values; 401 bytes
[2023-06-14 10:04:19] Saving 8 values; 401 bytes
[2023-06-14 10:05:19] Saving 8 values; 401 bytes
[2023-06-14 10:06:19] Saving 8 values; 401 bytes
[2023-06-14 10:07:19] Saving 8 values; 401 bytes
[2023-06-14 10:08:19] Saving 8 values; 401 bytes
[2023-06-14 10:09:19] Saving 8 values; 401 bytes
[2023-06-14 10:10:19] Saving 8 values; 401 bytes
[2023-06-14 10:11:17] Loaded 8 values
[2023-06-14 10:11:17] Backed up config/settings.bin to config/settings_backup.bin (401 bytes)
[2023-06-14 10:11:19] Saving 8 values; 401 bytes
[2023-06-14 10:11:52] Saving 8 values; 401 bytes
[2023-06-14 10:11:52] Saving 8 values; 401 bytes
[2023-06-14 10:11:54] Saving 8 values; 401 bytes
[2023-06-14 10:12:19] Saving 8 values; 401 bytes
[2023-06-14 10:13:19] Saving 8 values; 401 bytes
[2023-06-14 10:13:56] Loaded 8 values
[2023-06-14 10:13:56] Backed up config/settings.bin to config/settings_backup.bin (401 bytes)
[2023-06-14 10:14:00] Saving 8 values; 401 bytes
[2023-06-14 10:14:02] Saving 8 values; 401 bytes
[2023-06-14 10:14:02] Saving 8 values; 401 bytes
[2023-06-14 10:14:03] Saving 8 values; 401 bytes
[2023-06-14 10:15:00] Saving 8 values; 401 bytes
[2023-06-14 10:16:00] Saving 8 values; 401 bytes
[2023-06-14 10:17:00] Saving 8 values; 401 bytes
[2023-06-14 10:18:00] Saving 8 values; 401 bytes
[2023-06-14 10:19:00] Saving 8 values; 401 bytes
[2023-06-14 10:20:00] Saving 8 values; 401 bytes
[2023-06-14 10:21:00] Saving 8 values; 401 bytes
[2023-06-14 10:21:30] Saving 8 values; 401 bytes
[2023-06-14 10:21:30] Saving 8 values; 401 bytes
[2023-06-14 10:21:31] Saving 8 values; 401 bytes
[2023-06-14 10:22:00] Saving 8 values; 401 bytes
[2023-06-14 10:23:00] Saving 8 values; 401 bytes
[2023-06-14 10:24:00] Saving 8 values; 401 bytes
[2023-06-14 10:25:00] Saving 8 values; 401 bytes
[2023-06-14 10:26:00] Saving 8 values; 401 bytes
[2023-06-14 10:26:58] Saving 8 values; 401 bytes
[2023-06-14 10:26:58] Saving 8 values; 401 bytes
[2023-06-14 10:26:59] Saving 8 values; 401 bytes
[2023-06-14 10:27:00] Saving 8 values; 401 bytes
[2023-06-14 10:28:00] Saving 8 values; 401 bytes
[2023-06-14 10:29:00] Saving 8 values; 401 bytes
[2023-06-14 10:30:00] Saving 8 values; 401 bytes
[2023-06-14 10:31:00] Saving 8 values; 401 bytes
[2023-06-14 10:32:00] Saving 8 values; 401 bytes
[2023-06-14 10:33:00] Saving 8 values; 401 bytes
[2023-06-14 10:33:18] Saving 8 values; 401 bytes
[2023-06-14 10:33:18] Saving 8 values; 401 bytes
[2023-06-14 10:33:19] Saving 8 values; 401 bytes
[2023-06-14 10:34:00] Saving 8 values; 401 bytes
[2023-06-14 10:35:00] Saving 8 values; 401 bytes
[2023-06-14 10:36:00] Saving 8 values; 401 bytes
[2023-06-14 10:37:00] Saving 8 values; 401 bytes
[2023-06-14 10:38:00] Saving 8 values; 401 bytes
[2023-06-14 10:39:00] Saving 8 values; 401 bytes
[2023-06-14 10:40:00] Saving 8 values; 401 bytes
[2023-06-14 10:40:12] Saving 8 values; 401 bytes
[2023-06-14 10:40:12] Saving 8 values; 401 bytes
[2023-06-14 10:40:13] Saving 8 values; 401 bytes
[2023-06-14 10:41:38] Loaded 8 values
[2023-06-14 10:41:38] Backed up config/settings.bin to config/settings_backup.bin (401 bytes)
[2023-06-14 10:41:45] Saving 8 values; 401 bytes
[2023-06-14 10:42:45] Saving 8 values; 401 bytes
[2023-06-14 10:43:45] Saving 8 values; 401 bytes
[2023-06-14 10:43:46] Saving 8 values; 401 bytes
[2023-06-14 10:43:46] Saving 8 values; 401 bytes
[2023-06-14 10:43:48] Saving 8 values; 401 bytes
[2023-06-14 10:44:45] Saving 8 values; 401 bytes
[2023-06-14 10:45:45] Saving 8 values; 401 bytes
[2023-06-14 10:46:36] Loaded 8 values
[2023-06-14 10:46:36] Backed up config/settings.bin to config/settings_backup.bin (401 bytes)
[2023-06-14 10:46:39] Saving 8 values; 401 bytes
[2023-06-14 10:46:43] Saving 8 values; 401 bytes
[2023-06-14 10:46:43] Saving 8 values; 401 bytes
[2023-06-14 10:46:44] Saving 8 values; 401 bytes
[2023-06-14 10:47:39] Saving 8 values; 401 bytes
[2023-06-14 10:48:39] Saving 8 values; 401 bytes
[2023-06-14 10:49:39] Saving 8 values; 401 bytes
[2023-06-14 10:50:55] Loaded 8 values
[2023-06-14 10:50:55] Backed up config/settings.bin to config/settings_backup.bin (401 bytes)
[2023-06-14 10:51:00] Saving 8 values; 401 bytes
[2023-06-14 10:51:01] Saving 8 values; 401 bytes
[2023-06-14 10:51:01] Saving 8 values; 401 bytes
[2023-06-14 10:51:02] Saving 8 values; 401 bytes
[2023-06-14 10:52:00] Saving 8 values; 401 bytes
[2023-06-14 10:53:00] Saving 8 values; 401 bytes
[2023-06-14 10:54:00] Saving 8 values; 401 bytes
[2023-06-14 10:55:00] Saving 8 values; 401 bytes
[2023-06-14 10:56:00] Saving 8 values; 401 bytes
[2023-06-14 10:57:00] Saving 8 values; 401 bytes
[2023-06-14 10:57:20] Saving 8 values; 401 bytes
[2023-06-14 10:57:20] Saving 8 values; 401 bytes
[2023-06-14 10:57:21] Saving 8 values; 401 bytes
[2023-06-14 10:58:00] Saving 8 values; 401 bytes
[2023-06-14 10:59:00] Saving 8 values; 401 bytes
[2023-06-14 11:00:00] Saving 8 values; 401 bytes
[2023-06-14 11:01:00] Saving 8 values; 401 bytes
[2023-06-14 11:02:00] Saving 8 values; 401 bytes
[2023-06-14 11:03:00] Saving 8 values; 401 bytes
[2023-06-14 11:04:00] Saving 8 values; 401 bytes
[2023-06-14 11:04:58] Saving 8 values; 401 bytes
[2023-06-14 11:04:58] Saving 8 values; 401 bytes
[2023-06-14 11:04:58] Saving 8 values; 401 bytes
[2023-06-14 11:05:00] Saving 8 values; 401 bytes
[2023-06-14 11:06:00] Saving 8 values; 401 bytes
[2023-06-14 11:07:00] Saving 8 values; 401 bytes
[2023-06-14 11:08:00] Saving 8 values; 401 bytes
[2023-06-14 11:09:00] Saving 8 values; 401 bytes
[2023-06-14 11:10:00] Saving 8 values; 401 bytes
[2023-06-14 11:10:42] Saving 8 values; 401 bytes
[2023-06-14 11:10:42] Saving 8 values; 401 bytes
[2023-06-14 11:10:42] Saving 8 values; 401 bytes
[2023-06-14 11:11:00] Saving 8 values; 401 bytes
[2023-06-14 11:12:00] Saving 8 values; 401 bytes
[2023-06-14 11:13:00] Saving 8 values; 401 bytes
[2023-06-14 11:14:00] Saving 8 values; 401 bytes
[2023-06-14 11:15:00] Saving 8 values; 401 bytes
[2023-06-14 11:16:00] Saving 8 values; 401 bytes
[2023-06-14 11:17:00] Saving 8 values; 401 bytes
[2023-06-14 11:17:24] Loaded 8 values
[2023-06-14 11:17:24] Backed up config/settings.bin to config/settings_backup.bin (401 bytes)
[2023-06-14 11:17:28] Saving 8 values; 401 bytes
[2023-06-14 11:17:32] Saving 8 values; 401 bytes
[2023-06-14 11:17:32] Saving 8 values; 401 bytes
[2023-06-14 11:17:33] Saving 8 values; 401 bytes
[2023-06-14 11:18:28] Saving 8 values; 401 bytes
[2023-06-14 11:19:28] Saving 8 values; 401 bytes
[2023-06-14 11:20:28] Saving 8 values; 401 bytes
[2023-06-14 11:21:28] Saving 8 values; 401 bytes
[2023-06-14 11:22:28] Saving 8 values; 401 bytes
[2023-06-14 11:23:28] Saving 8 values; 401 bytes
[2023-06-14 11:23:52] Saving 8 values; 401 bytes
[2023-06-14 11:23:52] Saving 8 values; 401 bytes
[2023-06-14 11:23:53] Saving 8 values; 401 bytes
[2023-06-14 11:24:28] Saving 8 values; 401 bytes
[2023-06-14 11:25:28] Saving 8 values; 401 bytes
[2023-06-14 11:26:28] Saving 8 values; 401 bytes
[2023-06-14 11:27:28] Saving 8 values; 401 bytes
[2023-06-14 11:28:28] Saving 8 values; 401 bytes
[2023-06-14 11:29:21] Saving 8 values; 401 bytes
[2023-06-14 11:29:21] Saving 8 values; 401 bytes
[2023-06-14 11:29:21] Saving 8 values; 401 bytes
[2023-06-14 11:29:28] Saving 8 values; 401 bytes
[2023-06-14 11:30:28] Saving 8 values; 401 bytes
[2023-06-14 11:31:28] Saving 8 values; 401 bytes
[2023-06-14 11:32:28] Saving 8 values; 401 bytes
[2023-06-14 11:33:28] Saving 8 values; 401 bytes
[2023-06-14 11:34:28] Saving 8 values; 401 bytes
[2023-06-14 11:35:15] Saving 8 values; 401 bytes
[2023-06-14 11:35:15] Saving 8 values; 401 bytes
[2023-06-14 11:35:16] Saving 8 values; 401 bytes
[2023-06-14 11:35:28] Saving 8 values; 401 bytes
[2023-06-14 11:36:28] Saving 8 values; 401 bytes
[2023-06-14 11:37:28] Saving 8 values; 401 bytes
[2023-06-14 11:38:28] Saving 8 values; 401 bytes
[2023-06-14 11:39:28] Saving 8 values; 401 bytes
[2023-06-14 11:40:28] Saving 8 values; 401 bytes
[2023-06-14 11:41:28] Saving 8 values; 401 bytes
[2023-06-14 11:42:28] Saving 8 values; 401 bytes
[2023-06-14 11:42:53] Saving 8 values; 401 bytes
[2023-06-14 11:42:53] Saving 8 values; 401 bytes
[2023-06-14 11:42:54] Saving 8 values; 401 bytes
[2023-06-14 11:43:28] Saving 8 values; 401 bytes
[2023-06-14 11:44:28] Saving 8 values; 401 bytes
[2023-06-14 11:45:28] Saving 8 values; 401 bytes
[2023-06-14 11:46:28] Saving 8 values; 401 bytes
[2023-06-14 11:47:28] Saving 8 values; 401 bytes
[2023-06-14 11:48:28] Saving 8 values; 401 bytes
[2023-06-14 11:49:28] Saving 8 values; 401 bytes
[2023-06-14 11:49:47] Saving 8 values; 401 bytes
[2023-06-14 11:49:47] Saving 8 values; 401 bytes
[2023-06-14 11:49:48] Saving 8 values; 401 bytes
[2023-06-14 11:50:28] Saving 8 values; 401 bytes
[2023-06-14 11:51:28] Saving 8 values; 401 bytes
[2023-06-14 11:52:28] Saving 8 values; 401 bytes
[2023-06-14 11:53:28] Saving 8 values; 401 bytes
[2023-06-14 11:54:28] Saving 8 values; 401 bytes
[2023-06-14 11:55:05] Saving 8 values; 401 bytes
[2023-06-14 11:55:05] Saving 8 values; 401 bytes
[2023-06-14 11:55:05] Saving 8 values; 401 bytes
[2023-06-14 11:55:28] Saving 8 values; 401 bytes
[2023-06-14 11:56:28] Saving 8 values; 401 bytes
[2023-06-14 11:57:28] Saving 8 values; 401 bytes
[2023-06-14 11:58:28] Saving 8 values; 401 bytes
[2023-06-14 11:59:28] Saving 8 values; 401 bytes
[2023-06-14 12:00:28] Saving 8 values; 401 bytes
[2023-06-14 12:00:50] Saving 8 values; 401 bytes
[2023-06-14 12:00:50] Saving 8 values; 401 bytes
[2023-06-14 12:00:50] Saving 8 values; 401 bytes
[2023-06-14 12:01:28] Saving 8 values; 401 bytes
[2023-06-14 12:02:28] Saving 8 values; 401 bytes
[2023-06-14 12:03:28] Saving 8 values; 401 bytes
[2023-06-14 12:04:28] Saving 8 values; 401 bytes
[2023-06-14 12:05:28] Saving 8 values; 401 bytes
[2023-06-14 12:06:28] Saving 8 values; 401 bytes
[2023-06-14 12:07:28] Saving 8 values; 401 bytes
[2023-06-14 12:08:28] Saving 8 values; 401 bytes
[2023-06-14 12:09:28] Saving 8 values; 401 bytes
[2023-06-14 12:10:28] Saving 8 values; 401 bytes
[2023-06-14 12:11:28] Saving 8 values; 401 bytes
[2023-06-14 12:12:28] Saving 8 values; 401 bytes
[2023-06-14 12:13:10] Saving 8 values; 401 bytes
[2023-06-14 12:13:10] Saving 8 values; 401 bytes
[2023-06-14 12:13:11] Saving 8 values; 401 bytes
[2023-06-14 12:13:28] Saving 8 values; 401 bytes
[2023-06-14 12:14:28] Saving 8 values; 401 bytes
[2023-06-14 12:15:28] Saving 8 values; 401 bytes
[2023-06-14 12:16:28] Saving 8 values; 401 bytes
[2023-06-14 12:17:43] Loaded 8 values
[2023-06-14 12:17:43] Backed up config/settings.bin to config/settings_backup.bin (401 bytes)
[2023-06-14 12:17:47] Saving 8 values; 401 bytes
[2023-06-14 12:18:07] Saving 8 values; 401 bytes
[2023-06-14 12:18:07] Saving 8 values; 401 bytes
[2023-06-14 12:18:07] Saving 8 values; 401 bytes
[2023-06-14 12:18:47] Saving 8 values; 401 bytes
[2023-06-14 12:19:47] Saving 8 values; 401 bytes
[2023-06-14 12:20:47] Saving 8 values; 401 bytes
[2023-06-14 12:21:47] Saving 8 values; 401 bytes
[2023-06-14 12:22:47] Saving 8 values; 401 bytes
[2023-06-14 12:23:47] Saving 8 values; 401 bytes
[2023-06-14 12:24:47] Saving 8 values; 401 bytes
[2023-06-14 12:25:44] Saving 8 values; 401 bytes
[2023-06-14 12:25:44] Saving 8 values; 401 bytes
[2023-06-14 12:25:45] Saving 8 values; 401 bytes
[2023-06-14 12:25:47] Saving 8 values; 401 bytes
[2023-06-14 12:26:56] Loaded 8 values
[2023-06-14 12:26:56] Backed up config/settings.bin to config/settings_backup.bin (401 bytes)
[2023-06-14 12:27:00] Saving 8 values; 401 bytes
[2023-06-14 12:27:59] Saving 8 values; 401 bytes
[2023-06-14 12:28:59] Saving 8 values; 401 bytes
[2023-06-14 12:29:59] Saving 8 values; 401 bytes
[2023-06-14 12:30:59] Saving 8 values; 401 bytes
[2023-06-14 12:31:59] Saving 8 values; 401 bytes
[2023-06-14 12:32:59] Saving 8 values; 401 bytes
[2023-06-14 12:33:59] Saving 8 values; 401 bytes
[2023-06-14 12:34:59] Saving 8 values; 401 bytes
[2023-06-14 12:35:59] Saving 8 values; 401 bytes
[2023-06-14 12:36:59] Saving 8 values; 401 bytes
[2023-06-14 12:37:59] Saving 8 values; 401 bytes
[2023-06-14 12:38:59] Saving 8 values; 401 bytes
[2023-06-14 12:39:59] Saving 8 values; 401 bytes
[2023-06-14 12:40:59] Saving 8 values; 401 bytes
[2023-06-14 12:41:59] Saving 8 values; 401 bytes
[2023-06-14 12:42:59] Saving 8 values; 401 bytes
[2023-06-14 12:43:16] Saving 8 values; 401 bytes
[2023-06-14 12:43:16] Saving 8 values; 401 bytes
[2023-06-14 12:43:17] Saving 8 values; 401 bytes
[2023-06-14 12:43:59] Saving 8 values; 401 bytes
[2023-06-14 12:45:00] Saving 8 values; 401 bytes
[2023-06-14 12:46:00] Saving 8 values; 401 bytes
[2023-06-14 12:47:00] Saving 8 values; 401 bytes
[2023-06-14 12:48:00] Saving 8 values; 401 bytes
[2023-06-14 12:49:00] Saving 8 values; 401 bytes
[2023-06-14 12:49:03] Saving 8 values; 401 bytes
[2023-06-14 12:49:03] Saving 8 values; 401 bytes
[2023-06-14 12:49:04] Saving 8 values; 401 bytes
[2023-06-14 12:50:00] Saving 8 values; 401 bytes
[2023-06-14 12:51:00] Saving 8 values; 401 bytes
[2023-06-14 12:52:00] Saving 8 values; 401 bytes
[2023-06-14 12:53:00] Saving 8 values; 401 bytes
[2023-06-14 12:54:00] Saving 8 values; 401 bytes
[2023-06-14 12:54:21] Saving 8 values; 401 bytes
[2023-06-14 12:54:21] Saving 8 values; 401 bytes
[2023-06-14 12:54:22] Saving 8 values; 401 bytes
[2023-06-14 12:55:00] Saving 8 values; 401 bytes
[2023-06-14 12:56:00] Saving 8 values; 401 bytes
[2023-06-14 12:57:00] Saving 8 values; 401 bytes
[2023-06-14 12:58:00] Saving 8 values; 401 bytes
[2023-06-14 12:59:00] Saving 8 values; 401 bytes
[2023-06-14 13:00:00] Saving 8 values; 401 bytes
[2023-06-14 13:01:00] Saving 8 values; 401 bytes
[2023-06-14 13:02:00] Saving 8 values; 401 bytes
[2023-06-14 13:03:00] Saving 8 values; 401 bytes
[2023-06-14 13:04:00] Saving 8 values; 401 bytes
[2023-06-14 13:05:00] Saving 8 values; 401 bytes
[2023-06-14 13:06:00] Saving 8 values; 401 bytes
[2023-06-14 13:07:00] Saving 8 values; 401 bytes
[2023-06-14 13:08:00] Saving 8 values; 401 bytes
[2023-06-14 13:09:00] Saving 8 values; 401 bytes
[2023-06-14 13:09:21] Saving 8 values; 401 bytes
[2023-06-14 13:09:21] Saving 8 values; 401 bytes
[2023-06-14 13:09:22] Saving 8 values; 401 bytes
[2023-06-14 13:10:00] Saving 8 values; 401 bytes
[2023-06-14 13:11:00] Saving 8 values; 401 bytes
[2023-06-14 13:12:00] Saving 8 values; 401 bytes
[2023-06-14 13:13:00] Saving 8 values; 401 bytes
[2023-06-14 13:14:00] Saving 8 values; 401 bytes
[2023-06-14 13:14:39] Saving 8 values; 401 bytes
[2023-06-14 13:14:39] Saving 8 values; 401 bytes
[2023-06-14 13:14:40] Saving 8 values; 401 bytes
[2023-06-14 13:15:00] Saving 8 values; 401 bytes
[2023-06-14 13:16:00] Saving 8 values; 401 bytes
[2023-06-14 13:17:00] Saving 8 values; 401 bytes
[2023-06-14 13:18:00] Saving 8 values; 401 bytes
[2023-06-14 13:19:00] Saving 8 values; 401 bytes
[2023-06-14 13:20:00] Saving 8 values; 401 bytes
[2023-06-14 13:21:00] Saving 8 values; 401 bytes
[2023-06-14 13:21:23] Saving 8 values; 401 bytes
[2023-06-14 13:21:23] Saving 8 values; 401 bytes
[2023-06-14 13:21:24] Saving 8 values; 401 bytes
[2023-06-14 13:22:00] Saving 8 values; 401 bytes
[2023-06-14 13:23:00] Saving 8 values; 401 bytes
[2023-06-14 13:24:00] Saving 8 values; 401 bytes
[2023-06-14 13:25:00] Saving 8 values; 401 bytes
[2023-06-14 13:26:00] Saving 8 values; 401 bytes
[2023-06-14 13:27:00] Saving 8 values; 401 bytes
[2023-06-14 13:28:00] Saving 8 values; 401 bytes
[2023-06-14 13:29:00] Saving 8 values; 401 bytes
[2023-06-14 13:30:00] Saving 8 values; 401 bytes
[2023-06-14 13:31:00] Saving 8 values; 401 bytes
[2023-06-14 13:32:00] Saving 8 values; 401 bytes
[2023-06-14 13:33:00] Saving 8 values; 401 bytes
[2023-06-14 13:33:44] Saving 8 values; 401 bytes
[2023-06-14 13:33:44] Saving 8 values; 401 bytes
[2023-06-14 13:33:45] Saving 8 values; 401 bytes
[2023-06-14 13:34:00] Saving 8 values; 401 bytes
[2023-06-14 13:35:00] Saving 8 values; 401 bytes
[2023-06-14 13:36:00] Saving 8 values; 401 bytes
[2023-06-14 13:37:00] Saving 8 values; 401 bytes
[2023-06-14 13:38:00] Saving 8 values; 401 bytes
[2023-06-14 13:39:00] Saving 8 values; 401 bytes
[2023-06-14 13:40:00] Saving 8 values; 401 bytes
[2023-06-14 13:40:29] Saving 8 values; 401 bytes
[2023-06-14 13:40:29] Saving 8 values; 401 bytes
[2023-06-14 13:40:30] Saving 8 values; 401 bytes
[2023-06-14 13:41:00] Saving 8 values; 401 bytes
[2023-06-14 13:42:00] Saving 8 values; 401 bytes
[2023-06-14 13:43:00] Saving 8 values; 401 bytes
[2023-06-14 13:44:00] Saving 8 values; 401 bytes
[2023-06-14 13:45:00] Saving 8 values; 401 bytes
[2023-06-14 13:46:00] Saving 8 values; 401 bytes
[2023-06-14 13:47:00] Saving 8 values; 401 bytes
[2023-06-14 13:47:23] Saving 8 values; 401 bytes
[2023-06-14 13:47:23] Saving 8 values; 401 bytes
[2023-06-14 13:47:24] Saving 8 values; 401 bytes
[2023-06-14 13:48:00] Saving 8 values; 401 bytes
[2023-06-14 13:49:00] Saving 8 values; 401 bytes
[2023-06-14 13:50:00] Saving 8 values; 401 bytes
[2023-06-14 13:51:00] Saving 8 values; 401 bytes
[2023-06-14 13:52:00] Saving 8 values; 401 bytes
[2023-06-14 13:53:00] Saving 8 values; 401 bytes
[2023-06-14 13:53:18] Saving 8 values; 401 bytes
[2023-06-14 13:53:18] Saving 8 values; 401 bytes
[2023-06-14 13:53:19] Saving 8 values; 401 bytes
[2023-06-14 13:54:00] Saving 8 values; 401 bytes
[2023-06-14 13:55:00] Saving 8 values; 401 bytes
[2023-06-14 13:56:00] Saving 8 values; 401 bytes
[2023-06-14 13:57:00] Saving 8 values; 401 bytes
[2023-06-14 13:58:00] Saving 8 values; 401 bytes
[2023-06-14 13:59:00] Saving 8 values; 401 bytes
[2023-06-14 14:00:00] Saving 8 values; 401 bytes
[2023-06-14 14:00:03] Saving 8 values; 401 bytes
[2023-06-14 14:00:03] Saving 8 values; 401 bytes
[2023-06-14 14:00:03] Saving 8 values; 401 bytes
[2023-06-14 14:01:00] Saving 8 values; 401 bytes
[2023-06-14 14:02:00] Saving 8 values; 401 bytes
[2023-06-14 14:03:00] Saving 8 values; 401 bytes
[2023-06-14 14:04:00] Saving 8 values; 401 bytes
[2023-06-14 14:05:00] Saving 8 values; 401 bytes
[2023-06-14 14:05:31] Saving 8 values; 401 bytes
[2023-06-14 14:05:31] Saving 8 values; 401 bytes
[2023-06-14 14:05:31] Saving 8 values; 401 bytes
[2023-06-14 14:06:00] Saving 8 values; 401 bytes
[2023-06-14 14:07:00] Saving 8 values; 401 bytes
[2023-06-14 14:08:00] Saving 8 values; 401 bytes
[2023-06-14 14:09:00] Saving 8 values; 401 bytes
[2023-06-14 14:10:00] Saving 8 values; 401 bytes
[2023-06-14 14:10:49] Saving 8 values; 401 bytes
[2023-06-14 14:10:49] Saving 8 values; 401 bytes
[2023-06-14 14:10:50] Saving 8 values; 401 bytes
[2023-06-14 14:11:00] Saving 8 values; 401 bytes
[2023-06-14 14:12:00] Saving 8 values; 401 bytes
[2023-06-14 14:13:00] Saving 8 values; 401 bytes
[2023-06-14 14:14:00] Saving 8 values; 401 bytes
[2023-06-14 14:15:00] Saving 8 values; 401 bytes
[2023-06-14 14:16:00] Saving 8 values; 401 bytes
[2023-06-14 14:17:00] Saving 8 values; 401 bytes
[2023-06-14 14:17:42] Saving 8 values; 401 bytes
[2023-06-14 14:17:42] Saving 8 values; 401 bytes
[2023-06-14 14:17:43] Saving 8 values; 401 bytes
[2023-06-14 14:18:00] Saving 8 values; 401 bytes
[2023-06-14 14:19:00] Saving 8 values; 401 bytes
[2023-06-14 14:20:00] Saving 8 values; 401 bytes
[2023-06-14 14:21:00] Saving 8 values; 401 bytes
[2023-06-14 14:22:00] Saving 8 values; 401 bytes
[2023-06-14 14:23:00] Saving 8 values; 401 bytes
[2023-06-14 14:24:00] Saving 8 values; 401 bytes
[2023-06-14 14:24:02] Saving 8 values; 401 bytes
[2023-06-14 14:24:02] Saving 8 values; 401 bytes
[2023-06-14 14:24:02] Saving 8 values; 401 bytes
[2023-06-14 14:25:00] Saving 8 values; 401 bytes
[2023-06-14 14:26:00] Saving 8 values; 401 bytes
[2023-06-14 14:27:00] Saving 8 values; 401 bytes
[2023-06-14 14:28:00] Saving 8 values; 401 bytes
[2023-06-14 14:29:00] Saving 8 values; 401 bytes
[2023-06-14 14:29:48] Saving 8 values; 401 bytes
[2023-06-14 14:29:48] Saving 8 values; 401 bytes
[2023-06-14 14:29:48] Saving 8 values; 401 bytes
[2023-06-14 14:30:00] Saving 8 values; 401 bytes
[2023-06-14 14:31:00] Saving 8 values; 401 bytes
[2023-06-14 14:32:00] Saving 8 values; 401 bytes
[2023-06-14 14:33:00] Saving 8 values; 401 bytes
[2023-06-14 14:34:00] Saving 8 values; 401 bytes
[2023-06-14 14:35:00] Saving 8 values; 401 bytes
[2023-06-14 14:36:00] Saving 8 values; 401 bytes
[2023-06-14 14:36:07] Saving 8 values; 401 bytes
[2023-06-14 14:36:07] Saving 8 values; 401 bytes
[2023-06-14 14:36:08] Saving 8 values; 401 bytes
[2023-06-14 14:37:00] Saving 8 values; 401 bytes
[2023-06-14 14:38:00] Saving 8 values; 401 bytes
[2023-06-14 14:39:00] Saving 8 values; 401 bytes
[2023-06-14 14:40:00] Saving 8 values; 401 bytes
[2023-06-14 14:41:00] Saving 8 values; 401 bytes
[2023-06-14 14:42:00] Saving 8 values; 401 bytes
[2023-06-14 14:43:00] Saving 8 values; 401 bytes
[2023-06-14 14:44:00] Saving 8 values; 401 bytes
[2023-06-14 14:45:00] Saving 8 values; 401 bytes
[2023-06-14 14:46:00] Saving 8 values; 401 bytes
[2023-06-14 14:47:00] Saving 8 values; 401 bytes
[2023-06-14 14:48:00] Saving 8 values; 401 bytes
[2023-06-14 14:49:00] Saving 8 values; 401 bytes
[2023-06-14 14:50:00] Saving 8 values; 401 bytes
[2023-06-14 14:51:00] Saving 8 values; 401 bytes
[2023-06-14 14:51:08] Saving 8 values; 401 bytes
[2023-06-14 14:51:08] Saving 8 values; 401 bytes
[2023-06-14 14:51:08] Saving 8 values; 401 bytes
[2023-06-14 14:52:00] Saving 8 values; 401 bytes
[2023-06-14 14:53:00] Saving 8 values; 401 bytes
[2023-06-14 14:54:00] Saving 8 values; 401 bytes
[2023-06-14 14:55:00] Saving 8 values; 401 bytes
[2023-06-14 14:56:00] Saving 8 values; 401 bytes
[2023-06-14 14:56:40] Saving 8 values; 401 bytes
[2023-06-14 14:56:41] Saving 8 values; 401 bytes
[2023-06-14 14:56:42] Saving 8 values; 401 bytes
[2023-06-14 14:57:00] Saving 8 values; 401 bytes
[2023-06-14 14:58:00] Saving 8 values; 401 bytes
[2023-06-14 14:59:00] Saving 8 values; 401 bytes
[2023-06-14 15:00:00] Saving 8 values; 401 bytes
[2023-06-14 15:01:00] Saving 8 values; 401 bytes
[2023-06-14 15:02:00] Saving 8 values; 401 bytes
[2023-06-14 15:03:00] Saving 8 values; 401 bytes
[2023-06-14 15:04:00] Saving 8 values; 401 bytes
[2023-06-14 15:05:00] Saving 8 values; 401 bytes
[2023-06-14 15:06:00] Saving 8 values; 401 bytes
[2023-06-14 15:07:00] Saving 8 values; 401 bytes
[2023-06-14 15:08:00] Saving 8 values; 401 bytes
[2023-06-14 15:09:00] Saving 8 values; 401 bytes
[2023-06-14 15:09:01] Saving 8 values; 401 bytes
[2023-06-14 15:09:01] Saving 8 values; 401 bytes
[2023-06-14 15:09:02] Saving 8 values; 401 bytes
[2023-06-14 15:10:00] Saving 8 values; 401 bytes
[2023-06-14 15:11:00] Saving 8 values; 401 bytes
[2023-06-14 15:12:00] Saving 8 values; 401 bytes
[2023-06-14 15:13:00] Saving 8 values; 401 bytes
[2023-06-14 15:14:00] Saving 8 values; 401 bytes
[2023-06-14 15:15:00] Saving 8 values; 401 bytes
[2023-06-14 15:16:00] Saving 8 values; 401 bytes
[2023-06-14 15:17:00] Saving 8 values; 401 bytes
[2023-06-14 15:18:00] Saving 8 values; 401 bytes
[2023-06-14 15:19:00] Saving 8 values; 401 bytes
[2023-06-14 15:20:00] Saving 8 values; 401 bytes
[2023-06-14 15:21:00] Saving 8 values; 401 bytes
[2023-06-14 15:22:00] Saving 8 values; 401 bytes
[2023-06-14 15:23:00] Saving 8 values; 401 bytes
[2023-06-14 15:24:00] Saving 8 values; 401 bytes
[2023-06-14 15:24:02] Saving 8 values; 401 bytes
[2023-06-14 15:24:02] Saving 8 values; 401 bytes
[2023-06-14 15:24:02] Saving 8 values; 401 bytes
[2023-06-14 15:25:00] Saving 8 values; 401 bytes
[2023-06-14 15:26:00] Saving 8 values; 401 bytes
[2023-06-14 15:27:00] Saving 8 values; 401 bytes
[2023-06-14 15:28:00] Saving 8 values; 401 bytes
[2023-06-14 15:29:00] Saving 8 values; 401 bytes
[2023-06-14 15:30:00] Saving 8 values; 401 bytes
[2023-06-14 15:30:21] Saving 8 values; 401 bytes
[2023-06-14 15:30:21] Saving 8 values; 401 bytes
[2023-06-14 15:30:21] Saving 8 values; 401 bytes
[2023-06-14 17:37:27] Loaded 8 values
[2023-06-14 17:37:27] Backed up config/settings.bin to config/settings_backup.bin (401 bytes)
[2023-06-14 17:37:30] Saving 8 values; 401 bytes
[2023-06-14 17:38:30] Saving 8 values; 401 bytes
[2023-06-14 17:38:34] Saving 8 values; 401 bytes
[2023-06-14 17:38:34] Saving 8 values; 401 bytes
[2023-06-14 17:38:37] Saving 8 values; 401 bytes
[2023-06-14 17:39:30] Saving 8 values; 401 bytes
[2023-06-14 17:40:30] Saving 8 values; 401 bytes
[2023-06-14 17:41:30] Saving 8 values; 401 bytes
[2023-06-14 17:42:30] Saving 8 values; 401 bytes
[2023-06-14 17:43:30] Saving 8 values; 401 bytes
[2023-06-14 17:44:30] Saving 8 values; 401 bytes
[2023-06-14 17:45:30] Saving 8 values; 401 bytes
[2023-06-14 17:46:30] Saving 8 values; 401 bytes
[2023-06-14 17:46:55] Saving 8 values; 401 bytes
[2023-06-14 17:46:55] Saving 8 values; 401 bytes
[2023-06-14 17:47:19] Loaded 8 values
[2023-06-14 17:47:19] Backed up config/settings.bin to config/settings_backup.bin (401 bytes)
[2023-06-14 17:47:21] Saving 8 values; 401 bytes
[2023-06-14 17:47:21] Saving 8 values; 401 bytes
[2023-06-14 17:47:21] Saving 8 values; 401 bytes
[2023-06-14 17:47:23] Saving 8 values; 401 bytes
[2023-06-14 17:48:21] Saving 8 values; 401 bytes
[2023-06-14 17:49:21] Saving 8 values; 401 bytes
[2023-06-14 17:50:21] Saving 8 values; 401 bytes
[2023-06-14 17:51:21] Saving 8 values; 401 bytes
[2023-06-14 17:51:26] Saving 8 values; 401 bytes
[2023-06-14 17:51:39] Loaded 8 values
[2023-06-14 17:51:39] Backed up config/settings.bin to config/settings_backup.bin (401 bytes)
[2023-06-14 17:51:41] Saving 8 values; 401 bytes
[2023-06-14 17:51:50] Saving 8 values; 401 bytes
[2023-06-14 17:51:50] Saving 8 values; 401 bytes
[2023-06-14 17:51:51] Saving 8 values; 401 bytes
[2023-06-14 17:52:41] Saving 8 values; 401 bytes
[2023-06-14 17:53:41] Saving 8 values; 401 bytes
[2023-06-14 17:54:41] Saving 8 values; 401 bytes
[2023-06-14 17:55:19] Loaded 8 values
[2023-06-14 17:55:19] Backed up config/settings.bin to config/settings_backup.bin (401 bytes)
[2023-06-14 17:55:22] Saving 8 values; 401 bytes
[2023-06-14 17:55:22] Saving 8 values; 401 bytes
[2023-06-14 17:55:22] Saving 8 values; 401 bytes
[2023-06-14 17:55:23] Saving 8 values; 401 bytes
[2023-06-14 17:56:22] Saving 8 values; 401 bytes
[2023-06-14 17:57:22] Saving 8 values; 401 bytes
[2023-06-14 17:58:19] Loaded 8 values
[2023-06-14 17:58:19] Backed up config/settings.bin to config/settings_backup.bin (401 bytes)
[2023-06-14 17:58:22] Saving 8 values; 401 bytes
[2023-06-14 17:58:22] Saving 8 values; 401 bytes
[2023-06-14 17:58:22] Saving 8 values; 401 bytes
[2023-06-14 17:58:23] Saving 8 values; 401 bytes
[2023-06-14 17:59:22] Saving 8 values; 401 bytes
[2023-06-14 18:00:22] Saving 8 values; 401 bytes
[2023-06-14 18:01:22] Saving 8 values; 401 bytes
[2023-06-15 10:48:05] Loaded 8 values
[2023-06-15 10:48:05] Backed up config/settings.bin to config/settings_backup.bin (401 bytes)
[2023-06-15 10:48:08] Saving 8 values; 401 bytes
[2023-06-15 10:49:07] Saving 8 values; 401 bytes
[2023-06-15 10:49:16] Saving 8 values; 401 bytes
[2023-06-15 10:52:41] Loaded 8 values
[2023-06-15 10:52:41] Backed up config/settings.bin to config/settings_backup.bin (401 bytes)
[2023-06-15 10:52:45] Saving 8 values; 401 bytes
[2023-06-15 10:53:01] Saving 8 values; 401 bytes
[2023-06-15 10:53:40] Loaded 8 values
[2023-06-15 10:53:40] Backed up config/settings.bin to config/settings_backup.bin (401 bytes)
[2023-06-15 10:53:42] Saving 8 values; 401 bytes
[2023-06-15 11:05:56] Loaded 8 values
[2023-06-15 11:05:56] Backed up config/settings.bin to config/settings_backup.bin (401 bytes)
[2023-06-15 11:05:58] Saving 8 values; 401 bytes
[2023-06-15 11:06:24] Loaded 8 values
[2023-06-15 11:06:24] Backed up config/settings.bin to config/settings_backup.bin (401 bytes)
[2023-06-15 11:06:26] Saving 8 values; 401 bytes
[2023-06-15 11:13:38] Loaded 8 values
[2023-06-15 11:13:38] Backed up config/settings.bin to config/settings_backup.bin (401 bytes)
[2023-06-15 11:13:41] Saving 8 values; 401 bytes
[2023-06-15 11:14:41] Saving 8 values; 401 bytes
[2023-06-15 11:15:41] Saving 8 values; 401 bytes
[2023-06-15 11:16:41] Saving 8 values; 401 bytes
[2023-06-15 11:17:41] Saving 8 values; 401 bytes
[2023-06-15 11:18:41] Saving 8 values; 401 bytes
[2023-06-15 11:19:41] Saving 8 values; 401 bytes
[2023-06-15 11:20:41] Saving 8 values; 401 bytes
[2023-06-15 11:21:41] Saving 8 values; 401 bytes
[2023-06-15 11:22:41] Saving 8 values; 401 bytes
[2023-06-15 11:23:41] Saving 8 values; 401 bytes
[2023-06-15 11:24:41] Saving 8 values; 401 bytes
[2023-06-15 11:25:41] Saving 8 values; 401 bytes
[2023-06-15 11:26:41] Saving 8 values; 401 bytes
[2023-06-15 11:27:41] Saving 8 values; 401 bytes
[2023-06-15 11:28:41] Saving 8 values; 401 bytes
[2023-06-15 11:28:58] Loaded 8 values
[2023-06-15 11:28:58] Backed up config/settings.bin to config/settings_backup.bin (401 bytes)
[2023-06-15 11:29:00] Saving 8 values; 401 bytes
[2023-06-15 11:30:00] Saving 8 values; 401 bytes
[2023-06-15 11:31:00] Saving 8 values; 401 bytes
[2023-06-15 11:32:00] Saving 8 values; 401 bytes
[2023-06-15 11:33:00] Saving 8 values; 401 bytes
[2023-06-15 11:34:00] Saving 8 values; 401 bytes
[2023-06-15 11:35:00] Saving 8 values; 401 bytes
[2023-06-15 11:35:41] Loaded 8 values
[2023-06-15 11:35:41] Backed up config/settings.bin to config/settings_backup.bin (401 bytes)
[2023-06-15 11:35:43] Saving 8 values; 401 bytes
[2023-06-15 11:36:43] Saving 8 values; 401 bytes
[2023-06-15 11:37:43] Saving 8 values; 401 bytes
[2023-06-15 11:38:43] Saving 8 values; 401 bytes
[2023-06-15 11:39:43] Saving 8 values; 401 bytes
[2023-06-15 11:40:43] Saving 8 values; 401 bytes
[2023-06-15 11:41:43] Saving 8 values; 401 bytes
[2023-06-15 11:42:43] Saving 8 values; 401 bytes
[2023-06-15 11:43:43] Saving 8 values; 401 bytes
[2023-07-01 20:51:49] Loaded 8 values
[2023-07-01 20:51:49] Backed up config/settings.bin to config/settings_backup.bin (401 bytes)
[2023-07-01 20:51:52] Saving 8 values; 401 bytes
[2023-07-01 20:52:52] Saving 8 values; 401 bytes
[2023-07-01 20:53:52] Saving 8 values; 401 bytes
[2023-07-01 20:54:52] Saving 8 values; 401 bytes
[2023-07-01 20:55:52] Saving 8 values; 401 bytes
[2023-07-01 20:56:52] Saving 8 values; 401 bytes
[2023-07-01 20:57:52] Saving 8 values; 401 bytes
[2023-07-01 20:58:52] Saving 8 values; 401 bytes
[2023-07-01 20:59:52] Saving 8 values; 401 bytes
[2023-07-01 21:00:52] Saving 8 values; 401 bytes
[2023-07-01 21:01:52] Saving 8 values; 401 bytes
[2023-07-01 21:02:52] Saving 8 values; 401 bytes
[2023-07-01 21:03:52] Saving 8 values; 401 bytes
[2023-07-01 21:04:52] Saving 8 values; 401 bytes
[2023-07-01 21:05:52] Saving 8 values; 401 bytes
[2023-07-01 21:06:52] Saving 8 values; 401 bytes
[2023-07-01 21:07:52] Saving 8 values; 401 bytes
[2023-07-01 21:08:52] Saving 8 values; 401 bytes
[2023-07-01 21:09:52] Saving 8 values; 401 bytes
[2023-07-01 21:10:52] Saving 8 values; 401 bytes
[2023-07-01 21:11:52] Saving 8 values; 401 bytes
[2023-07-01 21:12:52] Saving 8 values; 401 bytes
[2023-07-01 21:13:52] Saving 8 values; 401 bytes
[2023-07-01 21:14:52] Saving 8 values; 401 bytes
[2023-07-01 21:15:52] Saving 8 values; 401 bytes
[2023-07-01 21:16:52] Saving 8 values; 401 bytes
[2023-07-01 21:17:52] Saving 8 values; 401 bytes
[2023-07-01 21:18:52] Saving 8 values; 401 bytes
[2023-07-01 21:19:52] Saving 8 values; 401 bytes
[2023-07-01 21:20:52] Saving 8 values; 401 bytes
[2023-07-01 21:21:52] Saving 8 values; 401 bytes
[2023-07-01 21:22:52] Saving 8 values; 401 bytes
[2023-07-01 21:23:52] Saving 8 values; 401 bytes
[2023-07-01 21:24:52] Saving 8 values; 401 bytes
[2023-07-01 21:25:52] Saving 8 values; 401 bytes
[2023-07-01 21:26:52] Saving 8 values; 401 bytes
[2023-07-01 21:27:52] Saving 8 values; 401 bytes
[2023-07-01 21:28:52] Saving 8 values; 401 bytes
[2023-07-01 21:29:52] Saving 8 values; 401 bytes
[2023-07-01 21:30:52] Saving 8 values; 401 bytes
[2023-07-01 21:31:47] Saving 8 values; 401 bytes
[2023-07-01 21:31:47] Saving 8 values; 401 bytes
[2023-07-01 21:31:48] Saving 8 values; 401 bytes
[2023-07-01 21:31:52] Saving 8 values; 401 bytes
[2023-07-01 21:34:32] Loaded 8 values
[2023-07-01 21:34:32] Backed up config/settings.bin to config/settings_backup.bin (401 bytes)
[2023-07-01 21:34:35] Saving 8 values; 401 bytes
[2023-07-01 21:34:38] Saving 8 values; 401 bytes
[2023-07-01 21:34:38] Saving 8 values; 401 bytes
[2023-07-01 21:34:39] Saving 8 values; 401 bytes
[2023-07-01 21:35:35] Saving 8 values; 401 bytes
[2023-07-01 21:36:35] Saving 8 values; 401 bytes
[2023-07-01 21:37:35] Saving 8 values; 401 bytes
[2023-07-01 21:38:35] Saving 8 values; 401 bytes
[2023-07-01 21:39:35] Saving 8 values; 401 bytes
[2023-07-01 21:40:35] Saving 8 values; 401 bytes
[2023-07-03 11:13:45] Loaded 8 values
[2023-07-03 11:13:45] Backed up config/settings.bin to config/settings_backup.bin (401 bytes)
[2023-07-03 11:13:48] Saving 8 values; 401 bytes
[2023-07-03 11:15:54] Loaded 8 values
[2023-07-03 11:15:54] Backed up config/settings.bin to config/settings_backup.bin (401 bytes)
[2023-07-03 11:16:46] Loaded 8 values
[2023-07-03 11:16:46] Backed up config/settings.bin to config/settings_backup.bin (401 bytes)
[2023-07-03 11:16:50] Saving 8 values; 401 bytes
[2023-07-03 11:18:20] Loaded 8 values
[2023-07-03 11:18:20] Backed up config/settings.bin to config/settings_backup.bin (401 bytes)
[2023-07-03 11:18:25] Saving 8 values; 401 bytes
[2023-07-03 11:19:24] Saving 8 values; 401 bytes
[2023-07-03 11:20:24] Saving 8 values; 401 bytes
[2023-07-03 11:21:34] Saving 8 values; 401 bytes
[2023-07-03 11:22:15] Loaded 8 values
[2023-07-03 11:22:15] Backed up config/settings.bin to config/settings_backup.bin (401 bytes)
[2023-07-03 11:22:19] Saving 8 values; 401 bytes
[2023-07-03 11:22:24] Saving 8 values; 401 bytes
[2023-07-08 15:36:37] Loaded 8 values
[2023-07-08 15:36:37] Backed up config/settings.bin to config/settings_backup.bin (401 bytes)
[2023-07-08 15:36:39] Saving 8 values; 401 bytes
[2023-07-08 15:37:18] Loaded 8 values
[2023-07-08 15:37:18] Backed up config/settings.bin to config/settings_backup.bin (401 bytes)
[2023-07-08 15:37:20] Saving 8 values; 401 bytes
[2023-07-08 15:37:55] Loaded 8 values
[2023-07-08 15:37:55] Backed up config/settings.bin to config/settings_backup.bin (401 bytes)
[2023-07-08 15:37:57] Saving 8 values; 401 bytes
[2023-07-08 15:38:14] Loaded 8 values
[2023-07-08 15:38:14] Backed up config/settings.bin to config/settings_backup.bin (401 bytes)
[2023-07-08 15:38:16] Saving 8 values; 401 bytes
[2023-07-08 15:40:31] Loaded 8 values
[2023-07-08 15:40:31] Backed up config/settings.bin to config/settings_backup.bin (401 bytes)
[2023-07-08 15:40:33] Saving 8 values; 401 bytes
[2023-07-08 15:41:10] Saving 8 values; 401 bytes
[2023-07-08 15:41:10] Saving 8 values; 401 bytes
[2023-07-08 15:41:11] Saving 8 values; 401 bytes
[2023-07-08 15:41:33] Saving 8 values; 401 bytes
[2023-07-08 15:42:33] Saving 8 values; 401 bytes
[2023-07-08 15:43:33] Saving 8 values; 401 bytes
[2023-07-08 15:44:33] Saving 8 values; 401 bytes
[2023-07-08 15:45:33] Saving 8 values; 401 bytes
[2023-07-08 15:46:33] Saving 8 values; 401 bytes
[2023-07-08 15:46:43] Saving 8 values; 401 bytes
[2023-07-08 15:46:43] Saving 8 values; 401 bytes
[2023-07-08 15:46:46] Saving 8 values; 401 bytes
[2023-07-08 15:47:33] Saving 8 values; 401 bytes
[2023-07-08 15:48:33] Saving 8 values; 401 bytes
[2023-07-08 15:49:33] Saving 8 values; 401 bytes
[2023-07-08 15:50:33] Saving 8 values; 401 bytes
[2023-07-08 15:51:33] Saving 8 values; 401 bytes
[2023-07-08 15:52:45] Loaded 8 values
[2023-07-08 15:52:45] Backed up config/settings.bin to config/settings_backup.bin (401 bytes)
[2023-07-08 15:52:48] Saving 8 values; 401 bytes
[2023-07-08 15:52:50] Saving 8 values; 401 bytes
[2023-07-08 15:52:50] Saving 8 values; 401 bytes
[2023-07-08 15:52:52] Saving 8 values; 401 bytes
[2023-07-08 15:53:48] Saving 8 values; 401 bytes
[2023-07-08 15:57:10] Loaded 8 values
[2023-07-08 15:57:10] Backed up config/settings.bin to config/settings_backup.bin (401 bytes)
[2023-07-08 15:57:13] Saving 8 values; 401 bytes
[2023-07-08 15:57:15] Saving 8 values; 401 bytes
[2023-07-08 15:57:15] Saving 8 values; 401 bytes
[2023-07-08 15:57:18] Saving 8 values; 401 bytes
[2023-07-08 15:58:13] Saving 8 values; 401 bytes
[2023-07-08 15:59:13] Saving 8 values; 401 bytes
[2023-07-08 16:00:13] Saving 8 values; 401 bytes
[2023-07-08 16:01:13] Saving 8 values; 401 bytes
[2023-07-08 16:02:13] Saving 8 values; 401 bytes
[2023-07-08 16:03:12] Saving 8 values; 401 bytes
[2023-07-08 16:03:12] Saving 8 values; 401 bytes
[2023-07-08 16:03:13] Saving 8 values; 401 bytes
[2023-07-08 16:03:13] Saving 8 values; 401 bytes
[2023-07-08 16:04:13] Saving 8 values; 401 bytes
[2023-07-08 16:05:13] Saving 8 values; 401 bytes
[2023-07-08 16:06:13] Saving 8 values; 401 bytes
[2023-07-08 16:07:13] Saving 8 values; 401 bytes
[2023-07-08 16:08:13] Saving 8 values; 401 bytes
[2023-07-08 16:09:13] Saving 8 values; 401 bytes
[2023-07-08 16:10:06] Saving 8 values; 401 bytes
[2023-07-08 16:10:06] Saving 8 values; 401 bytes
[2023-07-08 16:10:07] Saving 8 values; 401 bytes
[2023-07-08 16:10:13] Saving 8 values; 401 bytes
[2023-07-08 16:11:13] Saving 8 values; 401 bytes
[2023-07-08 16:12:13] Saving 8 values; 401 bytes
[2023-07-08 16:13:13] Saving 8 values; 401 bytes
[2023-07-08 16:14:13] Saving 8 values; 401 bytes
[2023-07-08 16:15:13] Saving 8 values; 401 bytes
[2023-07-08 16:15:35] Saving 8 values; 401 bytes
[2023-07-08 16:15:35] Saving 8 values; 401 bytes
[2023-07-08 16:15:36] Saving 8 values; 401 bytes
[2023-07-08 16:16:13] Saving 8 values; 401 bytes
[2023-07-08 16:17:13] Saving 8 values; 401 bytes
[2023-07-08 16:18:13] Saving 8 values; 401 bytes
[2023-07-08 16:19:13] Saving 8 values; 401 bytes
[2023-07-08 16:20:13] Saving 8 values; 401 bytes
[2023-07-08 16:21:13] Saving 8 values; 401 bytes
[2023-07-08 16:22:13] Saving 8 values; 401 bytes
[2023-07-08 16:22:30] Saving 8 values; 401 bytes
[2023-07-08 16:22:30] Saving 8 values; 401 bytes
[2023-07-08 16:22:31] Saving 8 values; 401 bytes
[2023-07-08 16:23:13] Saving 8 values; 401 bytes
[2023-07-08 16:24:13] Saving 8 values; 401 bytes
[2023-07-08 16:25:13] Saving 8 values; 401 bytes
[2023-07-08 16:26:13] Saving 8 values; 401 bytes
[2023-07-08 16:27:13] Saving 8 values; 401 bytes
[2023-07-08 16:28:13] Saving 8 values; 401 bytes
[2023-07-08 16:28:28] Saving 8 values; 401 bytes
[2023-07-08 16:28:28] Saving 8 values; 401 bytes
[2023-07-08 16:28:28] Saving 8 values; 401 bytes
[2023-07-08 16:29:13] Saving 8 values; 401 bytes
[2023-07-08 16:30:13] Saving 8 values; 401 bytes
[2023-07-08 16:31:13] Saving 8 values; 401 bytes
[2023-07-08 16:32:13] Saving 8 values; 401 bytes
[2023-07-08 16:33:13] Saving 8 values; 401 bytes
[2023-07-08 16:34:13] Saving 8 values; 401 bytes
[2023-07-08 16:35:13] Saving 8 values; 401 bytes
[2023-07-08 16:36:04] Saving 8 values; 401 bytes
[2023-07-08 16:36:04] Saving 8 values; 401 bytes
[2023-07-08 16:36:05] Saving 8 values; 401 bytes
[2023-07-08 16:36:13] Saving 8 values; 401 bytes
[2023-07-08 16:37:13] Saving 8 values; 401 bytes
[2023-07-08 16:38:13] Saving 8 values; 401 bytes
[2023-07-08 16:39:13] Saving 8 values; 401 bytes
[2023-07-08 16:40:13] Saving 8 values; 401 bytes
[2023-07-08 16:41:13] Saving 8 values; 401 bytes
[2023-07-08 16:42:13] Saving 8 values; 401 bytes
[2023-07-08 16:42:23] Saving 8 values; 401 bytes
[2023-07-08 16:42:23] Saving 8 values; 401 bytes
[2023-07-08 16:42:23] Saving 8 values; 401 bytes
[2023-07-08 16:43:13] Saving 8 values; 401 bytes
[2023-07-08 16:44:13] Saving 8 values; 401 bytes
[2023-07-08 16:45:13] Saving 8 values; 401 bytes
